Traceback (most recent call last):
  File "magnet_crawler.py", line 155, in <module>
    main()
  File "magnet_crawler.py", line 152, in main
    scan_page(root_url)
  File "magnet_crawler.py", line 63, in scan_page
    scan_page(sub_url, depth+1)
  File "magnet_crawler.py", line 63, in scan_page
    scan_page(sub_url, depth+1)
  File "magnet_crawler.py", line 63, in scan_page
    scan_page(sub_url, depth+1)
  File "magnet_crawler.py", line 63, in scan_page
    scan_page(sub_url, depth+1)
  File "magnet_crawler.py", line 63, in scan_page
    scan_page(sub_url, depth+1)
  File "magnet_crawler.py", line 63, in scan_page
    scan_page(sub_url, depth+1)
  File "magnet_crawler.py", line 63, in scan_page
    scan_page(sub_url, depth+1)
  File "magnet_crawler.py", line 63, in scan_page
    scan_page(sub_url, depth+1)
  File "magnet_crawler.py", line 63, in scan_page
    scan_page(sub_url, depth+1)
  File "magnet_crawler.py", line 63, in scan_page
    scan_page(sub_url, depth+1)
  File "magnet_crawler.py", line 63, in scan_page
    scan_page(sub_url, depth+1)
  File "magnet_crawler.py", line 63, in scan_page
    scan_page(sub_url, depth+1)
  File "magnet_crawler.py", line 63, in scan_page
    scan_page(sub_url, depth+1)
  File "magnet_crawler.py", line 63, in scan_page
    scan_page(sub_url, depth+1)
  File "magnet_crawler.py", line 63, in scan_page
    scan_page(sub_url, depth+1)
  File "magnet_crawler.py", line 63, in scan_page
    scan_page(sub_url, depth+1)
  File "magnet_crawler.py", line 63, in scan_page
    scan_page(sub_url, depth+1)
  File "magnet_crawler.py", line 63, in scan_page
    scan_page(sub_url, depth+1)
  File "magnet_crawler.py", line 63, in scan_page
    scan_page(sub_url, depth+1)
  File "magnet_crawler.py", line 63, in scan_page
    scan_page(sub_url, depth+1)
  File "magnet_crawler.py", line 63, in scan_page
    scan_page(sub_url, depth+1)
  File "magnet_crawler.py", line 63, in scan_page
    scan_page(sub_url, depth+1)
  File "magnet_crawler.py", line 63, in scan_page
    scan_page(sub_url, depth+1)
  File "magnet_crawler.py", line 63, in scan_page
    scan_page(sub_url, depth+1)
  File "magnet_crawler.py", line 63, in scan_page
    scan_page(sub_url, depth+1)
  File "magnet_crawler.py", line 63, in scan_page
    scan_page(sub_url, depth+1)
  File "magnet_crawler.py", line 63, in scan_page
    scan_page(sub_url, depth+1)
  File "magnet_crawler.py", line 63, in scan_page
    scan_page(sub_url, depth+1)
  File "magnet_crawler.py", line 63, in scan_page
    scan_page(sub_url, depth+1)
  File "magnet_crawler.py", line 63, in scan_page
    scan_page(sub_url, depth+1)
  File "magnet_crawler.py", line 63, in scan_page
    scan_page(sub_url, depth+1)
  File "magnet_crawler.py", line 63, in scan_page
    scan_page(sub_url, depth+1)
  File "magnet_crawler.py", line 63, in scan_page
    scan_page(sub_url, depth+1)
  File "magnet_crawler.py", line 63, in scan_page
    scan_page(sub_url, depth+1)
  File "magnet_crawler.py", line 63, in scan_page
    scan_page(sub_url, depth+1)
  File "magnet_crawler.py", line 63, in scan_page
    scan_page(sub_url, depth+1)
  File "magnet_crawler.py", line 63, in scan_page
    scan_page(sub_url, depth+1)
  File "magnet_crawler.py", line 63, in scan_page
    scan_page(sub_url, depth+1)
  File "magnet_crawler.py", line 63, in scan_page
    scan_page(sub_url, depth+1)
  File "magnet_crawler.py", line 63, in scan_page
    scan_page(sub_url, depth+1)
  File "magnet_crawler.py", line 34, in scan_page
    result = session.get(url, timeout=60)
  File "/usr/lib/python2.7/dist-packages/requests/sessions.py", line 469, in get
    return self.request('GET', url, **kwargs)
  File "/usr/lib/python2.7/dist-packages/requests/sessions.py", line 457, in request
    resp = self.send(prep, **send_kwargs)
  File "/usr/lib/python2.7/dist-packages/requests/sessions.py", line 569, in send
    r = adapter.send(request, **kwargs)
  File "/usr/lib/python2.7/dist-packages/requests/adapters.py", line 362, in send
    timeout=timeout
  File "/usr/lib/python2.7/dist-packages/urllib3/connectionpool.py", line 516, in urlopen
    body=body, headers=headers)
  File "/usr/lib/python2.7/dist-packages/urllib3/connectionpool.py", line 331, in _make_request
    httplib_response = conn.getresponse(buffering=True)
  File "/usr/lib/python2.7/httplib.py", line 1111, in getresponse
    response.begin()
  File "/usr/lib/python2.7/httplib.py", line 444, in begin
    version, status, reason = self._read_status()
  File "/usr/lib/python2.7/httplib.py", line 400, in _read_status
    line = self.fp.readline(_MAXLINE + 1)
  File "/usr/lib/python2.7/socket.py", line 476, in readline
    data = self._sock.recv(self._rbufsize)
KeyboardInterrupt
